(dp0
S'ave_reward'
p1
cnumpy.core.multiarray
_reconstruct
p2
(cnumpy
ndarray
p3
(I0
tp4
S'b'
p5
tp6
Rp7
(I1
(I25
tp8
cnumpy
dtype
p9
(S'f8'
p10
I0
I1
tp11
Rp12
(I3
S'<'
p13
NNNI-1
I-1
I0
tp14
bI00
S"\n\xd7\xa3p=J4\xc0\n\xd7\xa3p=J4\xc0\x00\x00\x00\x00\x00@4\xc0\xcd\xcc\xcc\xcc\xcc\x0c4\xc0\n\xd7\xa3p=\x8a3\xc0\xf6(\\\x8f\xc2\xb52\xc0\x9a\x99\x99\x99\x99Y1\xc0ffffff0\xc0\n\xd7\xa3p=\n.\xc0\xcd\xcc\xcc\xcc\xccL+\xc0\x1f\x85\xebQ\xb8\x1e)\xc0\x14\xaeG\xe1z\x94'\xc0\xf6(\\\x8f\xc2u#\xc0\xc3\xf5(\\\x8f\xc2\x18\xc0\xaeG\xe1z\x14\xae\x05\xc0)\\\x8f\xc2\xf5(\x0c@\xa4p=\n\xd7\xa3\x1c@\x9a\x99\x99\x99\x99\x19'@\x14\xaeG\xe1z\x14,@\xaeG\xe1z\x14./@\xd7\xa3p=\n\xd7/@)\\\x8f\xc2\xf5\xa8-@\xd7\xa3p=\nW-@q=\n\xd7\xa3\xf0/@\xecQ\xb8\x1e\x85k-@"
p15
tp16
bs.